# JRE version: Java(TM) SE Runtime Environment (21.0.6+8) (build 21.0.6+8-LTS-188)
# Java VM: Java HotSpot(TM) 64-Bit Server VM (21.0.6+8-LTS-188, mixed mode, sharing, tiered, compressed oops, compressed class ptrs, parallel gc, windows-amd64)
GC Precious Log:
 CardTable entry size: 512
 CPUs: 4 total, 4 available
 Memory: 16334M
 Large Page Support: Disabled
 NUMA Support: Disabled
 Compressed Oops: Enabled (32-bit)
 Alignments: Space 512K, Generation 512K, Heap 2M
 Heap Min Capacity: 100M
 Heap Initial Capacity: 100M
 Heap Max Capacity: 1G
 Pre-touch: Disabled
 Parallel Workers: 4
Heap:
 PSYoungGen      total 46592K, used 10472K [0x00000000eab00000, 0x00000000ee400000, 0x0000000100000000)
  eden space 40448K, 11% used [0x00000000eab00000,0x00000000eafb5cb0,0x00000000ed280000)
  from space 6144K, 91% used [0x00000000ede00000,0x00000000ee384380,0x00000000ee400000)
  to   space 7680K, 0% used [0x00000000ed500000,0x00000000ed500000,0x00000000edc80000)
 ParOldGen       total 347648K, used 332930K [0x00000000c0000000, 0x00000000d5380000, 0x00000000eab00000)
  object space 347648K, 95% used [0x00000000c0000000,0x00000000d4520990,0x00000000d5380000)
 Metaspace       used 68726K, committed 70144K, reserved 1114112K
  class space    used 7128K, committed 7744K, reserved 1048576K
GC Heap History (20 events):
Event: 31.613 GC heap before
{Heap before GC invocations=187 (full 10):
 PSYoungGen      total 49152K, used 13304K [0x00000000eab00000, 0x00000000f0700000, 0x0000000100000000)
  eden space 35840K, 0% used [0x00000000eab00000,0x00000000eab00000,0x00000000ece00000)
  from space 13312K, 99% used [0x00000000ece00000,0x00000000edafe050,0x00000000edb00000)
  to   space 27648K, 0% used [0x00000000eec00000,0x00000000eec00000,0x00000000f0700000)
 ParOldGen       total 280576K, used 275030K [0x00000000c0000000, 0x00000000d1200000, 0x00000000eab00000)
  object space 280576K, 98% used [0x00000000c0000000,0x00000000d0c95a48,0x00000000d1200000)
 Metaspace       used 58068K, committed 59328K, reserved 1114112K
  class space    used 6037K, committed 6592K, reserved 1048576K
}
Event: 32.164 GC heap after
{Heap after GC invocations=187 (full 10):
 PSYoungGen      total 49152K, used 4988K [0x00000000eab00000, 0x00000000f0680000, 0x0000000100000000)
  eden space 35840K, 0% used [0x00000000eab00000,0x00000000eab00000,0x00000000ece00000)
  from space 13312K, 37% used [0x00000000ece00000,0x00000000ed2df2e8,0x00000000edb00000)
  to   space 27648K, 0% used [0x00000000eeb80000,0x00000000eeb80000,0x00000000f0680000)
 ParOldGen       total 347648K, used 280360K [0x00000000c0000000, 0x00000000d5380000, 0x00000000eab00000)
  object space 347648K, 80% used [0x00000000c0000000,0x00000000d11ca3c0,0x00000000d5380000)
 Metaspace       used 58068K, committed 59328K, reserved 1114112K
  class space    used 6037K, committed 6592K, reserved 1048576K
}
Event: 32.851 GC heap before
{Heap before GC invocations=188 (full 10):
 PSYoungGen      total 49152K, used 40828K [0x00000000eab00000, 0x00000000f0680000, 0x0000000100000000)
  eden space 35840K, 100% used [0x00000000eab00000,0x00000000ece00000,0x00000000ece00000)
  from space 13312K, 37% used [0x00000000ece00000,0x00000000ed2df2e8,0x00000000edb00000)
  to   space 27648K, 0% used [0x00000000eeb80000,0x00000000eeb80000,0x00000000f0680000)
 ParOldGen       total 347648K, used 280360K [0x00000000c0000000, 0x00000000d5380000, 0x00000000eab00000)
  object space 347648K, 80% used [0x00000000c0000000,0x00000000d11ca3c0,0x00000000d5380000)
 Metaspace       used 58322K, committed 59584K, reserved 1114112K
  class space    used 6046K, committed 6592K, reserved 1048576K
}
Event: 32.914 GC heap after
{Heap after GC invocations=188 (full 10):
 PSYoungGen      total 54272K, used 15785K [0x00000000eab00000, 0x00000000efb00000, 0x0000000100000000)
  eden space 38400K, 0% used [0x00000000eab00000,0x00000000eab00000,0x00000000ed080000)
  from space 15872K, 99% used [0x00000000eeb80000,0x00000000efaea408,0x00000000efb00000)
  to   space 19456K, 0% used [0x00000000ed500000,0x00000000ed500000,0x00000000ee800000)
 ParOldGen       total 347648K, used 285406K [0x00000000c0000000, 0x00000000d5380000, 0x00000000eab00000)
  object space 347648K, 82% used [0x00000000c0000000,0x00000000d16b7ad0,0x00000000d5380000)
 Metaspace       used 58322K, committed 59584K, reserved 1114112K
  class space    used 6046K, committed 6592K, reserved 1048576K
}
Event: 33.800 GC heap before
{Heap before GC invocations=189 (full 10):
 PSYoungGen      total 54272K, used 54185K [0x00000000eab00000, 0x00000000efb00000, 0x0000000100000000)
  eden space 38400K, 100% used [0x00000000eab00000,0x00000000ed080000,0x00000000ed080000)
  from space 15872K, 99% used [0x00000000eeb80000,0x00000000efaea408,0x00000000efb00000)
  to   space 19456K, 0% used [0x00000000ed500000,0x00000000ed500000,0x00000000ee800000)
 ParOldGen       total 347648K, used 285406K [0x00000000c0000000, 0x00000000d5380000, 0x00000000eab00000)
  object space 347648K, 82% used [0x00000000c0000000,0x00000000d16b7ad0,0x00000000d5380000)
 Metaspace       used 58322K, committed 59584K, reserved 1114112K
  class space    used 6046K, committed 6592K, reserved 1048576K
}
Event: 33.848 GC heap after
{Heap after GC invocations=189 (full 10):
 PSYoungGen      total 57856K, used 19426K [0x00000000eab00000, 0x00000000efb00000, 0x0000000100000000)
  eden space 38400K, 0% used [0x00000000eab00000,0x00000000eab00000,0x00000000ed080000)
  from space 19456K, 99% used [0x00000000ed500000,0x00000000ee7f8bf0,0x00000000ee800000)
  to   space 15872K, 0% used [0x00000000eeb80000,0x00000000eeb80000,0x00000000efb00000)
 ParOldGen       total 347648K, used 307673K [0x00000000c0000000, 0x00000000d5380000, 0x00000000eab00000)
  object space 347648K, 88% used [0x00000000c0000000,0x00000000d2c76470,0x00000000d5380000)
 Metaspace       used 58322K, committed 59584K, reserved 1114112K
  class space    used 6046K, committed 6592K, reserved 1048576K
}
Event: 35.007 GC heap before
{Heap before GC invocations=190 (full 10):
 PSYoungGen      total 57856K, used 57826K [0x00000000eab00000, 0x00000000efb00000, 0x0000000100000000)
  eden space 38400K, 100% used [0x00000000eab00000,0x00000000ed080000,0x00000000ed080000)
  from space 19456K, 99% used [0x00000000ed500000,0x00000000ee7f8bf0,0x00000000ee800000)
  to   space 15872K, 0% used [0x00000000eeb80000,0x00000000eeb80000,0x00000000efb00000)
 ParOldGen       total 347648K, used 307673K [0x00000000c0000000, 0x00000000d5380000, 0x00000000eab00000)
  object space 347648K, 88% used [0x00000000c0000000,0x00000000d2c76470,0x00000000d5380000)
 Metaspace       used 58383K, committed 59584K, reserved 1114112K
  class space    used 6048K, committed 6592K, reserved 1048576K
}
Event: 35.030 GC heap after
{Heap after GC invocations=190 (full 10):
 PSYoungGen      total 51712K, used 15845K [0x00000000eab00000, 0x00000000f0d80000, 0x0000000100000000)
  eden space 35840K, 0% used [0x00000000eab00000,0x00000000eab00000,0x00000000ece00000)
  from space 15872K, 99% used [0x00000000eeb80000,0x00000000efaf95d8,0x00000000efb00000)
  to   space 30208K, 0% used [0x00000000ece00000,0x00000000ece00000,0x00000000eeb80000)
 ParOldGen       total 347648K, used 315016K [0x00000000c0000000, 0x00000000d5380000, 0x00000000eab00000)
  object space 347648K, 90% used [0x00000000c0000000,0x00000000d33a2170,0x00000000d5380000)
 Metaspace       used 58383K, committed 59584K, reserved 1114112K
  class space    used 6048K, committed 6592K, reserved 1048576K
}
Event: 36.546 GC heap before
{Heap before GC invocations=191 (full 10):
 PSYoungGen      total 51712K, used 51669K [0x00000000eab00000, 0x00000000f0d80000, 0x0000000100000000)
  eden space 35840K, 99% used [0x00000000eab00000,0x00000000ecdfbe90,0x00000000ece00000)
  from space 15872K, 99% used [0x00000000eeb80000,0x00000000efaf95d8,0x00000000efb00000)
  to   space 30208K, 0% used [0x00000000ece00000,0x00000000ece00000,0x00000000eeb80000)
 ParOldGen       total 347648K, used 315016K [0x00000000c0000000, 0x00000000d5380000, 0x00000000eab00000)
  object space 347648K, 90% used [0x00000000c0000000,0x00000000d33a2170,0x00000000d5380000)
 Metaspace       used 60683K, committed 61952K, reserved 1114112K
  class space    used 6250K, committed 6784K, reserved 1048576K
}
Event: 36.576 GC heap after
{Heap after GC invocations=191 (full 10):
 PSYoungGen      total 40960K, used 5087K [0x00000000eab00000, 0x00000000eec00000, 0x0000000100000000)
  eden space 35840K, 0% used [0x00000000eab00000,0x00000000eab00000,0x00000000ece00000)
  from space 5120K, 99% used [0x00000000ece00000,0x00000000ed2f7ed8,0x00000000ed300000)
  to   space 13312K, 0% used [0x00000000edf00000,0x00000000edf00000,0x00000000eec00000)
 ParOldGen       total 347648K, used 324651K [0x00000000c0000000, 0x00000000d5380000, 0x00000000eab00000)
  object space 347648K, 93% used [0x00000000c0000000,0x00000000d3d0afd0,0x00000000d5380000)
 Metaspace       used 60683K, committed 61952K, reserved 1114112K
  class space    used 6250K, committed 6784K, reserved 1048576K
}
Event: 37.468 GC heap before
{Heap before GC invocations=192 (full 10):
 PSYoungGen      total 40960K, used 40927K [0x00000000eab00000, 0x00000000eec00000, 0x0000000100000000)
  eden space 35840K, 100% used [0x00000000eab00000,0x00000000ece00000,0x00000000ece00000)
  from space 5120K, 99% used [0x00000000ece00000,0x00000000ed2f7ed8,0x00000000ed300000)
  to   space 13312K, 0% used [0x00000000edf00000,0x00000000edf00000,0x00000000eec00000)
 ParOldGen       total 347648K, used 324651K [0x00000000c0000000, 0x00000000d5380000, 0x00000000eab00000)
  object space 347648K, 93% used [0x00000000c0000000,0x00000000d3d0afd0,0x00000000d5380000)
 Metaspace       used 61649K, committed 63040K, reserved 1114112K
  class space    used 6338K, committed 6912K, reserved 1048576K
}
Event: 37.478 GC heap after
{Heap after GC invocations=192 (full 10):
 PSYoungGen      total 47104K, used 9494K [0x00000000eab00000, 0x00000000ee880000, 0x0000000100000000)
  eden space 37376K, 0% used [0x00000000eab00000,0x00000000eab00000,0x00000000ecf80000)
  from space 9728K, 97% used [0x00000000edf00000,0x00000000ee845840,0x00000000ee880000)
  to   space 10752K, 0% used [0x00000000ed380000,0x00000000ed380000,0x00000000ede00000)
 ParOldGen       total 347648K, used 324659K [0x00000000c0000000, 0x00000000d5380000, 0x00000000eab00000)
  object space 347648K, 93% used [0x00000000c0000000,0x00000000d3d0cfd0,0x00000000d5380000)
 Metaspace       used 61649K, committed 63040K, reserved 1114112K
  class space    used 6338K, committed 6912K, reserved 1048576K
}
Event: 38.885 GC heap before
{Heap before GC invocations=193 (full 10):
 PSYoungGen      total 47104K, used 46807K [0x00000000eab00000, 0x00000000ee880000, 0x0000000100000000)
  eden space 37376K, 99% used [0x00000000eab00000,0x00000000ecf70758,0x00000000ecf80000)
  from space 9728K, 97% used [0x00000000edf00000,0x00000000ee845840,0x00000000ee880000)
  to   space 10752K, 0% used [0x00000000ed380000,0x00000000ed380000,0x00000000ede00000)
 ParOldGen       total 347648K, used 324659K [0x00000000c0000000, 0x00000000d5380000, 0x00000000eab00000)
  object space 347648K, 93% used [0x00000000c0000000,0x00000000d3d0cfd0,0x00000000d5380000)
 Metaspace       used 62110K, committed 63424K, reserved 1114112K
  class space    used 6365K, committed 6912K, reserved 1048576K
}
Event: 38.903 GC heap after
{Heap after GC invocations=193 (full 10):
 PSYoungGen      total 49664K, used 10614K [0x00000000eab00000, 0x00000000ee700000, 0x0000000100000000)
  eden space 38912K, 0% used [0x00000000eab00000,0x00000000eab00000,0x00000000ed100000)
  from space 10752K, 98% used [0x00000000ed380000,0x00000000edddda00,0x00000000ede00000)
  to   space 9216K, 0% used [0x00000000ede00000,0x00000000ede00000,0x00000000ee700000)
 ParOldGen       total 347648K, used 324667K [0x00000000c0000000, 0x00000000d5380000, 0x00000000eab00000)
  object space 347648K, 93% used [0x00000000c0000000,0x00000000d3d0efd0,0x00000000d5380000)
 Metaspace       used 62110K, committed 63424K, reserved 1114112K
  class space    used 6365K, committed 6912K, reserved 1048576K
}
Event: 39.869 GC heap before
{Heap before GC invocations=194 (full 10):
 PSYoungGen      total 49664K, used 49526K [0x00000000eab00000, 0x00000000ee700000, 0x0000000100000000)
  eden space 38912K, 100% used [0x00000000eab00000,0x00000000ed100000,0x00000000ed100000)
  from space 10752K, 98% used [0x00000000ed380000,0x00000000edddda00,0x00000000ede00000)
  to   space 9216K, 0% used [0x00000000ede00000,0x00000000ede00000,0x00000000ee700000)
 ParOldGen       total 347648K, used 324667K [0x00000000c0000000, 0x00000000d5380000, 0x00000000eab00000)
  object space 347648K, 93% used [0x00000000c0000000,0x00000000d3d0efd0,0x00000000d5380000)
 Metaspace       used 62762K, committed 64064K, reserved 1114112K
  class space    used 6425K, committed 6976K, reserved 1048576K
}
Event: 39.877 GC heap after
{Heap after GC invocations=194 (full 10):
 PSYoungGen      total 48640K, used 8686K [0x00000000eab00000, 0x00000000ee680000, 0x0000000100000000)
  eden space 39936K, 0% used [0x00000000eab00000,0x00000000eab00000,0x00000000ed200000)
  from space 8704K, 99% used [0x00000000ede00000,0x00000000ee67bb58,0x00000000ee680000)
  to   space 9728K, 0% used [0x00000000ed380000,0x00000000ed380000,0x00000000edd00000)
 ParOldGen       total 347648K, used 324675K [0x00000000c0000000, 0x00000000d5380000, 0x00000000eab00000)
  object space 347648K, 93% used [0x00000000c0000000,0x00000000d3d10fd0,0x00000000d5380000)
 Metaspace       used 62762K, committed 64064K, reserved 1114112K
  class space    used 6425K, committed 6976K, reserved 1048576K
}
Event: 51.478 GC heap before
{Heap before GC invocations=195 (full 10):
 PSYoungGen      total 48640K, used 48622K [0x00000000eab00000, 0x00000000ee680000, 0x0000000100000000)
  eden space 39936K, 100% used [0x00000000eab00000,0x00000000ed200000,0x00000000ed200000)
  from space 8704K, 99% used [0x00000000ede00000,0x00000000ee67bb58,0x00000000ee680000)
  to   space 9728K, 0% used [0x00000000ed380000,0x00000000ed380000,0x00000000edd00000)
 ParOldGen       total 347648K, used 324675K [0x00000000c0000000, 0x00000000d5380000, 0x00000000eab00000)
  object space 347648K, 93% used [0x00000000c0000000,0x00000000d3d10fd0,0x00000000d5380000)
 Metaspace       used 66692K, committed 68096K, reserved 1114112K
  class space    used 6810K, committed 7424K, reserved 1048576K
}
Event: 51.487 GC heap after
{Heap after GC invocations=195 (full 10):
 PSYoungGen      total 50688K, used 9727K [0x00000000eab00000, 0x00000000ee900000, 0x0000000100000000)
  eden space 40960K, 0% used [0x00000000eab00000,0x00000000eab00000,0x00000000ed300000)
  from space 9728K, 99% used [0x00000000ed380000,0x00000000edcffd70,0x00000000edd00000)
  to   space 11264K, 0% used [0x00000000ede00000,0x00000000ede00000,0x00000000ee900000)
 ParOldGen       total 347648K, used 325475K [0x00000000c0000000, 0x00000000d5380000, 0x00000000eab00000)
  object space 347648K, 93% used [0x00000000c0000000,0x00000000d3dd8fd0,0x00000000d5380000)
 Metaspace       used 66692K, committed 68096K, reserved 1114112K
  class space    used 6810K, committed 7424K, reserved 1048576K
}
Event: 79.664 GC heap before
{Heap before GC invocations=196 (full 10):
 PSYoungGen      total 50688K, used 50687K [0x00000000eab00000, 0x00000000ee900000, 0x0000000100000000)
  eden space 40960K, 100% used [0x00000000eab00000,0x00000000ed300000,0x00000000ed300000)
  from space 9728K, 99% used [0x00000000ed380000,0x00000000edcffd70,0x00000000edd00000)
  to   space 11264K, 0% used [0x00000000ede00000,0x00000000ede00000,0x00000000ee900000)
 ParOldGen       total 347648K, used 325475K [0x00000000c0000000, 0x00000000d5380000, 0x00000000eab00000)
  object space 347648K, 93% used [0x00000000c0000000,0x00000000d3dd8fd0,0x00000000d5380000)
 Metaspace       used 68726K, committed 70144K, reserved 1114112K
  class space    used 7128K, committed 7744K, reserved 1048576K
}
Event: 79.679 GC heap after
{Heap after GC invocations=196 (full 10):
 PSYoungGen      total 46592K, used 5648K [0x00000000eab00000, 0x00000000ee400000, 0x0000000100000000)
  eden space 40448K, 0% used [0x00000000eab00000,0x00000000eab00000,0x00000000ed280000)
  from space 6144K, 91% used [0x00000000ede00000,0x00000000ee384380,0x00000000ee400000)
  to   space 7680K, 0% used [0x00000000ed500000,0x00000000ed500000,0x00000000edc80000)
 ParOldGen       total 347648K, used 332930K [0x00000000c0000000, 0x00000000d5380000, 0x00000000eab00000)
  object space 347648K, 95% used [0x00000000c0000000,0x00000000d4520990,0x00000000d5380000)
 Metaspace       used 68726K, committed 70144K, reserved 1114112K
  class space    used 7128K, committed 7744K, reserved 1048576K
}

