# JRE version: Java(TM) SE Runtime Environment (21.0.6+8) (build 21.0.6+8-LTS-188)
# Java VM: Java HotSpot(TM) 64-Bit Server VM (21.0.6+8-LTS-188, mixed mode, sharing, tiered, compressed oops, compressed class ptrs, parallel gc, windows-amd64)
GC Precious Log:
 CardTable entry size: 512
 CPUs: 4 total, 4 available
 Memory: 16334M
 Large Page Support: Disabled
 NUMA Support: Disabled
 Compressed Oops: Enabled (32-bit)
 Alignments: Space 512K, Generation 512K, Heap 2M
 Heap Min Capacity: 100M
 Heap Initial Capacity: 100M
 Heap Max Capacity: 1G
 Pre-touch: Disabled
 Parallel Workers: 4
Heap:
 PSYoungGen      total 2560K, used 551K [0x00000000eab00000, 0x00000000eae80000, 0x0000000100000000)
  eden space 1536K, 6% used [0x00000000eab00000,0x00000000eab19fb8,0x00000000eac80000)
  from space 1024K, 43% used [0x00000000ead80000,0x00000000eadf0020,0x00000000eae80000)
  to   space 1024K, 0% used [0x00000000eac80000,0x00000000eac80000,0x00000000ead80000)
 ParOldGen       total 310784K, used 198910K [0x00000000c0000000, 0x00000000d2f80000, 0x00000000eab00000)
  object space 310784K, 64% used [0x00000000c0000000,0x00000000cc23fb98,0x00000000d2f80000)
 Metaspace       used 86318K, committed 87808K, reserved 1179648K
  class space    used 8657K, committed 9344K, reserved 1048576K
GC Heap History (20 events):
Event: 1558.310 GC heap before
{Heap before GC invocations=750 (full 15):
 PSYoungGen      total 2560K, used 2481K [0x00000000eab00000, 0x00000000eae00000, 0x0000000100000000)
  eden space 2048K, 100% used [0x00000000eab00000,0x00000000ead00000,0x00000000ead00000)
  from space 512K, 84% used [0x00000000ead80000,0x00000000eadec5d0,0x00000000eae00000)
  to   space 512K, 0% used [0x00000000ead00000,0x00000000ead00000,0x00000000ead80000)
 ParOldGen       total 310784K, used 198151K [0x00000000c0000000, 0x00000000d2f80000, 0x00000000eab00000)
  object space 310784K, 63% used [0x00000000c0000000,0x00000000cc181f90,0x00000000d2f80000)
 Metaspace       used 85159K, committed 86592K, reserved 1179648K
  class space    used 8448K, committed 9088K, reserved 1048576K
}
Event: 1558.313 GC heap after
{Heap after GC invocations=750 (full 15):
 PSYoungGen      total 2560K, used 481K [0x00000000eab00000, 0x00000000eae00000, 0x0000000100000000)
  eden space 2048K, 0% used [0x00000000eab00000,0x00000000eab00000,0x00000000ead00000)
  from space 512K, 94% used [0x00000000ead00000,0x00000000ead785e0,0x00000000ead80000)
  to   space 512K, 0% used [0x00000000ead80000,0x00000000ead80000,0x00000000eae00000)
 ParOldGen       total 310784K, used 198151K [0x00000000c0000000, 0x00000000d2f80000, 0x00000000eab00000)
  object space 310784K, 63% used [0x00000000c0000000,0x00000000cc181f90,0x00000000d2f80000)
 Metaspace       used 85159K, committed 86592K, reserved 1179648K
  class space    used 8448K, committed 9088K, reserved 1048576K
}
Event: 1558.394 GC heap before
{Heap before GC invocations=751 (full 15):
 PSYoungGen      total 2560K, used 2529K [0x00000000eab00000, 0x00000000eae00000, 0x0000000100000000)
  eden space 2048K, 100% used [0x00000000eab00000,0x00000000ead00000,0x00000000ead00000)
  from space 512K, 94% used [0x00000000ead00000,0x00000000ead785e0,0x00000000ead80000)
  to   space 512K, 0% used [0x00000000ead80000,0x00000000ead80000,0x00000000eae00000)
 ParOldGen       total 310784K, used 198151K [0x00000000c0000000, 0x00000000d2f80000, 0x00000000eab00000)
  object space 310784K, 63% used [0x00000000c0000000,0x00000000cc181f90,0x00000000d2f80000)
 Metaspace       used 85328K, committed 86784K, reserved 1179648K
  class space    used 8487K, committed 9152K, reserved 1048576K
}
Event: 1558.396 GC heap after
{Heap after GC invocations=751 (full 15):
 PSYoungGen      total 2048K, used 481K [0x00000000eab00000, 0x00000000eaf00000, 0x0000000100000000)
  eden space 1536K, 0% used [0x00000000eab00000,0x00000000eab00000,0x00000000eac80000)
  from space 512K, 94% used [0x00000000ead80000,0x00000000eadf85f0,0x00000000eae00000)
  to   space 1024K, 0% used [0x00000000eac80000,0x00000000eac80000,0x00000000ead80000)
 ParOldGen       total 310784K, used 198199K [0x00000000c0000000, 0x00000000d2f80000, 0x00000000eab00000)
  object space 310784K, 63% used [0x00000000c0000000,0x00000000cc18dfa0,0x00000000d2f80000)
 Metaspace       used 85328K, committed 86784K, reserved 1179648K
  class space    used 8487K, committed 9152K, reserved 1048576K
}
Event: 1558.431 GC heap before
{Heap before GC invocations=752 (full 15):
 PSYoungGen      total 2048K, used 2017K [0x00000000eab00000, 0x00000000eaf00000, 0x0000000100000000)
  eden space 1536K, 100% used [0x00000000eab00000,0x00000000eac80000,0x00000000eac80000)
  from space 512K, 94% used [0x00000000ead80000,0x00000000eadf85f0,0x00000000eae00000)
  to   space 1024K, 0% used [0x00000000eac80000,0x00000000eac80000,0x00000000ead80000)
 ParOldGen       total 310784K, used 198199K [0x00000000c0000000, 0x00000000d2f80000, 0x00000000eab00000)
  object space 310784K, 63% used [0x00000000c0000000,0x00000000cc18dfa0,0x00000000d2f80000)
 Metaspace       used 85429K, committed 86848K, reserved 1179648K
  class space    used 8516K, committed 9152K, reserved 1048576K
}
Event: 1558.432 GC heap after
{Heap after GC invocations=752 (full 15):
 PSYoungGen      total 2560K, used 481K [0x00000000eab00000, 0x00000000eae00000, 0x0000000100000000)
  eden space 1536K, 0% used [0x00000000eab00000,0x00000000eab00000,0x00000000eac80000)
  from space 1024K, 47% used [0x00000000eac80000,0x00000000eacf85f0,0x00000000ead80000)
  to   space 512K, 0% used [0x00000000ead80000,0x00000000ead80000,0x00000000eae00000)
 ParOldGen       total 310784K, used 198223K [0x00000000c0000000, 0x00000000d2f80000, 0x00000000eab00000)
  object space 310784K, 63% used [0x00000000c0000000,0x00000000cc193fa0,0x00000000d2f80000)
 Metaspace       used 85429K, committed 86848K, reserved 1179648K
  class space    used 8516K, committed 9152K, reserved 1048576K
}
Event: 1558.461 GC heap before
{Heap before GC invocations=753 (full 15):
 PSYoungGen      total 2560K, used 2017K [0x00000000eab00000, 0x00000000eae00000, 0x0000000100000000)
  eden space 1536K, 100% used [0x00000000eab00000,0x00000000eac80000,0x00000000eac80000)
  from space 1024K, 47% used [0x00000000eac80000,0x00000000eacf85f0,0x00000000ead80000)
  to   space 512K, 0% used [0x00000000ead80000,0x00000000ead80000,0x00000000eae00000)
 ParOldGen       total 310784K, used 198223K [0x00000000c0000000, 0x00000000d2f80000, 0x00000000eab00000)
  object space 310784K, 63% used [0x00000000c0000000,0x00000000cc193fa0,0x00000000d2f80000)
 Metaspace       used 85552K, committed 86976K, reserved 1179648K
  class space    used 8544K, committed 9216K, reserved 1048576K
}
Event: 1558.462 GC heap after
{Heap after GC invocations=753 (full 15):
 PSYoungGen      total 2048K, used 481K [0x00000000eab00000, 0x00000000eae00000, 0x0000000100000000)
  eden space 1536K, 0% used [0x00000000eab00000,0x00000000eab00000,0x00000000eac80000)
  from space 512K, 94% used [0x00000000ead80000,0x00000000eadf85f0,0x00000000eae00000)
  to   space 512K, 0% used [0x00000000ead00000,0x00000000ead00000,0x00000000ead80000)
 ParOldGen       total 310784K, used 198231K [0x00000000c0000000, 0x00000000d2f80000, 0x00000000eab00000)
  object space 310784K, 63% used [0x00000000c0000000,0x00000000cc195fa0,0x00000000d2f80000)
 Metaspace       used 85552K, committed 86976K, reserved 1179648K
  class space    used 8544K, committed 9216K, reserved 1048576K
}
Event: 1558.489 GC heap before
{Heap before GC invocations=754 (full 15):
 PSYoungGen      total 2048K, used 2017K [0x00000000eab00000, 0x00000000eae00000, 0x0000000100000000)
  eden space 1536K, 100% used [0x00000000eab00000,0x00000000eac80000,0x00000000eac80000)
  from space 512K, 94% used [0x00000000ead80000,0x00000000eadf85f0,0x00000000eae00000)
  to   space 512K, 0% used [0x00000000ead00000,0x00000000ead00000,0x00000000ead80000)
 ParOldGen       total 310784K, used 198231K [0x00000000c0000000, 0x00000000d2f80000, 0x00000000eab00000)
  object space 310784K, 63% used [0x00000000c0000000,0x00000000cc195fa0,0x00000000d2f80000)
 Metaspace       used 85733K, committed 87168K, reserved 1179648K
  class space    used 8575K, committed 9216K, reserved 1048576K
}
Event: 1558.491 GC heap after
{Heap after GC invocations=754 (full 15):
 PSYoungGen      total 2048K, used 353K [0x00000000eab00000, 0x00000000eae00000, 0x0000000100000000)
  eden space 1536K, 0% used [0x00000000eab00000,0x00000000eab00000,0x00000000eac80000)
  from space 512K, 69% used [0x00000000ead00000,0x00000000ead585d0,0x00000000ead80000)
  to   space 512K, 0% used [0x00000000ead80000,0x00000000ead80000,0x00000000eae00000)
 ParOldGen       total 310784K, used 198407K [0x00000000c0000000, 0x00000000d2f80000, 0x00000000eab00000)
  object space 310784K, 63% used [0x00000000c0000000,0x00000000cc1c1fb0,0x00000000d2f80000)
 Metaspace       used 85733K, committed 87168K, reserved 1179648K
  class space    used 8575K, committed 9216K, reserved 1048576K
}
Event: 1558.508 GC heap before
{Heap before GC invocations=755 (full 15):
 PSYoungGen      total 2048K, used 1889K [0x00000000eab00000, 0x00000000eae00000, 0x0000000100000000)
  eden space 1536K, 100% used [0x00000000eab00000,0x00000000eac80000,0x00000000eac80000)
  from space 512K, 69% used [0x00000000ead00000,0x00000000ead585d0,0x00000000ead80000)
  to   space 512K, 0% used [0x00000000ead80000,0x00000000ead80000,0x00000000eae00000)
 ParOldGen       total 310784K, used 198407K [0x00000000c0000000, 0x00000000d2f80000, 0x00000000eab00000)
  object space 310784K, 63% used [0x00000000c0000000,0x00000000cc1c1fb0,0x00000000d2f80000)
 Metaspace       used 85861K, committed 87296K, reserved 1179648K
  class space    used 8604K, committed 9280K, reserved 1048576K
}
Event: 1558.510 GC heap after
{Heap after GC invocations=755 (full 15):
 PSYoungGen      total 2048K, used 433K [0x00000000eab00000, 0x00000000eae00000, 0x0000000100000000)
  eden space 1536K, 0% used [0x00000000eab00000,0x00000000eab00000,0x00000000eac80000)
  from space 512K, 84% used [0x00000000ead80000,0x00000000eadec5e0,0x00000000eae00000)
  to   space 512K, 0% used [0x00000000ead00000,0x00000000ead00000,0x00000000ead80000)
 ParOldGen       total 310784K, used 198407K [0x00000000c0000000, 0x00000000d2f80000, 0x00000000eab00000)
  object space 310784K, 63% used [0x00000000c0000000,0x00000000cc1c1fb0,0x00000000d2f80000)
 Metaspace       used 85861K, committed 87296K, reserved 1179648K
  class space    used 8604K, committed 9280K, reserved 1048576K
}
Event: 1558.531 GC heap before
{Heap before GC invocations=756 (full 15):
 PSYoungGen      total 2048K, used 1965K [0x00000000eab00000, 0x00000000eae00000, 0x0000000100000000)
  eden space 1536K, 99% used [0x00000000eab00000,0x00000000eac7f018,0x00000000eac80000)
  from space 512K, 84% used [0x00000000ead80000,0x00000000eadec5e0,0x00000000eae00000)
  to   space 512K, 0% used [0x00000000ead00000,0x00000000ead00000,0x00000000ead80000)
 ParOldGen       total 310784K, used 198407K [0x00000000c0000000, 0x00000000d2f80000, 0x00000000eab00000)
  object space 310784K, 63% used [0x00000000c0000000,0x00000000cc1c1fb0,0x00000000d2f80000)
 Metaspace       used 86083K, committed 87488K, reserved 1179648K
  class space    used 8624K, committed 9280K, reserved 1048576K
}
Event: 1558.532 GC heap after
{Heap after GC invocations=756 (full 15):
 PSYoungGen      total 2048K, used 433K [0x00000000eab00000, 0x00000000eae00000, 0x0000000100000000)
  eden space 1536K, 0% used [0x00000000eab00000,0x00000000eab00000,0x00000000eac80000)
  from space 512K, 84% used [0x00000000ead00000,0x00000000ead6c5e0,0x00000000ead80000)
  to   space 512K, 0% used [0x00000000ead80000,0x00000000ead80000,0x00000000eae00000)
 ParOldGen       total 310784K, used 198407K [0x00000000c0000000, 0x00000000d2f80000, 0x00000000eab00000)
  object space 310784K, 63% used [0x00000000c0000000,0x00000000cc1c1fb0,0x00000000d2f80000)
 Metaspace       used 86083K, committed 87488K, reserved 1179648K
  class space    used 8624K, committed 9280K, reserved 1048576K
}
Event: 1558.579 GC heap before
{Heap before GC invocations=757 (full 15):
 PSYoungGen      total 2048K, used 1969K [0x00000000eab00000, 0x00000000eae00000, 0x0000000100000000)
  eden space 1536K, 99% used [0x00000000eab00000,0x00000000eac7ff00,0x00000000eac80000)
  from space 512K, 84% used [0x00000000ead00000,0x00000000ead6c5e0,0x00000000ead80000)
  to   space 512K, 0% used [0x00000000ead80000,0x00000000ead80000,0x00000000eae00000)
 ParOldGen       total 310784K, used 198407K [0x00000000c0000000, 0x00000000d2f80000, 0x00000000eab00000)
  object space 310784K, 63% used [0x00000000c0000000,0x00000000cc1c1fb0,0x00000000d2f80000)
 Metaspace       used 86259K, committed 87808K, reserved 1179648K
  class space    used 8646K, committed 9344K, reserved 1048576K
}
Event: 1558.584 GC heap after
{Heap after GC invocations=757 (full 15):
 PSYoungGen      total 2048K, used 465K [0x00000000eab00000, 0x00000000eae00000, 0x0000000100000000)
  eden space 1536K, 0% used [0x00000000eab00000,0x00000000eab00000,0x00000000eac80000)
  from space 512K, 90% used [0x00000000ead80000,0x00000000eadf45e0,0x00000000eae00000)
  to   space 512K, 0% used [0x00000000ead00000,0x00000000ead00000,0x00000000ead80000)
 ParOldGen       total 310784K, used 198407K [0x00000000c0000000, 0x00000000d2f80000, 0x00000000eab00000)
  object space 310784K, 63% used [0x00000000c0000000,0x00000000cc1c1fb0,0x00000000d2f80000)
 Metaspace       used 86259K, committed 87808K, reserved 1179648K
  class space    used 8646K, committed 9344K, reserved 1048576K
}
Event: 1559.213 GC heap before
{Heap before GC invocations=758 (full 15):
 PSYoungGen      total 2048K, used 2001K [0x00000000eab00000, 0x00000000eae00000, 0x0000000100000000)
  eden space 1536K, 99% used [0x00000000eab00000,0x00000000eac7fff8,0x00000000eac80000)
  from space 512K, 90% used [0x00000000ead80000,0x00000000eadf45e0,0x00000000eae00000)
  to   space 512K, 0% used [0x00000000ead00000,0x00000000ead00000,0x00000000ead80000)
 ParOldGen       total 310784K, used 198407K [0x00000000c0000000, 0x00000000d2f80000, 0x00000000eab00000)
  object space 310784K, 63% used [0x00000000c0000000,0x00000000cc1c1fb0,0x00000000d2f80000)
 Metaspace       used 86314K, committed 87808K, reserved 1179648K
  class space    used 8657K, committed 9344K, reserved 1048576K
}
Event: 1559.218 GC heap after
{Heap after GC invocations=758 (full 15):
 PSYoungGen      total 2048K, used 481K [0x00000000eab00000, 0x00000000eae80000, 0x0000000100000000)
  eden space 1536K, 0% used [0x00000000eab00000,0x00000000eab00000,0x00000000eac80000)
  from space 512K, 94% used [0x00000000ead00000,0x00000000ead785d0,0x00000000ead80000)
  to   space 1024K, 0% used [0x00000000ead80000,0x00000000ead80000,0x00000000eae80000)
 ParOldGen       total 310784K, used 198767K [0x00000000c0000000, 0x00000000d2f80000, 0x00000000eab00000)
  object space 310784K, 63% used [0x00000000c0000000,0x00000000cc21bfc0,0x00000000d2f80000)
 Metaspace       used 86314K, committed 87808K, reserved 1179648K
  class space    used 8657K, committed 9344K, reserved 1048576K
}
Event: 1559.229 GC heap before
{Heap before GC invocations=759 (full 15):
 PSYoungGen      total 2048K, used 2017K [0x00000000eab00000, 0x00000000eae80000, 0x0000000100000000)
  eden space 1536K, 100% used [0x00000000eab00000,0x00000000eac80000,0x00000000eac80000)
  from space 512K, 94% used [0x00000000ead00000,0x00000000ead785d0,0x00000000ead80000)
  to   space 1024K, 0% used [0x00000000ead80000,0x00000000ead80000,0x00000000eae80000)
 ParOldGen       total 310784K, used 198767K [0x00000000c0000000, 0x00000000d2f80000, 0x00000000eab00000)
  object space 310784K, 63% used [0x00000000c0000000,0x00000000cc21bfc0,0x00000000d2f80000)
 Metaspace       used 86314K, committed 87808K, reserved 1179648K
  class space    used 8657K, committed 9344K, reserved 1048576K
}
Event: 1559.232 GC heap after
{Heap after GC invocations=759 (full 15):
 PSYoungGen      total 2560K, used 448K [0x00000000eab00000, 0x00000000eae80000, 0x0000000100000000)
  eden space 1536K, 0% used [0x00000000eab00000,0x00000000eab00000,0x00000000eac80000)
  from space 1024K, 43% used [0x00000000ead80000,0x00000000eadf0020,0x00000000eae80000)
  to   space 1024K, 0% used [0x00000000eac80000,0x00000000eac80000,0x00000000ead80000)
 ParOldGen       total 310784K, used 198910K [0x00000000c0000000, 0x00000000d2f80000, 0x00000000eab00000)
  object space 310784K, 64% used [0x00000000c0000000,0x00000000cc23fb98,0x00000000d2f80000)
 Metaspace       used 86314K, committed 87808K, reserved 1179648K
  class space    used 8657K, committed 9344K, reserved 1048576K
}

